2020-03-10 15:58:38.230  INFO 88934 --- [main] c.e.l.LoginCheckApplicationTests         : Starting LoginCheckApplicationTests on FWS-CHE-LT-3448.local with PID 88934 (started by pakumar mamidisetti in /Users/pakumar mamidisetti/Desktop/pavan_desktop/login_check)
2020-03-10 15:58:38.234  INFO 88934 --- [main] c.e.l.LoginCheckApplicationTests         : No active profile set, falling back to default profiles: default
2020-03-10 15:58:39.307  INFO 88934 --- [main] o.s.s.concurrent.ThreadPoolTaskExecutor  : Initializing ExecutorService 'applicationTaskExecutor'
2020-03-10 15:58:39.595  INFO 88934 --- [main] c.e.l.LoginCheckApplicationTests         : Started LoginCheckApplicationTests in 1.718 seconds (JVM running for 2.576)
2020-03-10 15:58:40.087  INFO 88934 --- [SpringContextShutdownHook] o.s.s.concurrent.ThreadPoolTaskExecutor  : Shutting down ExecutorService 'applicationTaskExecutor'
2020-03-10 15:58:53.535  INFO 88939 --- [main] c.e.login_check.LoginCheckApplication    : Starting LoginCheckApplication on FWS-CHE-LT-3448.local with PID 88939 (started by pakumar mamidisetti in /Users/pakumar mamidisetti/Desktop/pavan_desktop/login_check)
2020-03-10 15:58:53.537  INFO 88939 --- [main] c.e.login_check.LoginCheckApplication    : No active profile set, falling back to default profiles: default
2020-03-10 15:58:54.036  INFO 88939 --- [main] o.s.b.w.embedded.tomcat.TomcatWebServer  : Tomcat initialized with port(s): 8080 (http)
2020-03-10 15:58:54.041  INFO 88939 --- [main] o.apache.catalina.core.StandardService   : Starting service [Tomcat]
2020-03-10 15:58:54.042  INFO 88939 --- [main] org.apache.catalina.core.StandardEngine  : Starting Servlet engine: [Apache Tomcat/9.0.30]
2020-03-10 15:58:54.087  INFO 88939 --- [main] o.a.c.c.C.[Tomcat].[localhost].[/]       : Initializing Spring embedded WebApplicationContext
2020-03-10 15:58:54.088  INFO 88939 --- [main] o.s.web.context.ContextLoader            : Root WebApplicationContext: initialization completed in 521 ms
2020-03-10 15:58:54.193  INFO 88939 --- [main] o.s.s.concurrent.ThreadPoolTaskExecutor  : Initializing ExecutorService 'applicationTaskExecutor'
2020-03-10 15:58:54.306  INFO 88939 --- [main] o.apache.catalina.core.StandardService   : Stopping service [Tomcat]
2020-03-10 15:58:54.312  INFO 88939 --- [main] ConditionEvaluationReportLoggingListener : 

Error starting ApplicationContext. To display the conditions report re-run your application with 'debug' enabled.
2020-03-10 15:58:54.315 ERROR 88939 --- [main] o.s.b.d.LoggingFailureAnalysisReporter   : 

***************************
APPLICATION FAILED TO START
***************************

Description:

Web server failed to start. Port 8080 was already in use.

Action:

Identify and stop the process that's listening on port 8080 or configure this application to listen on another port.

2020-03-10 15:58:54.317  INFO 88939 --- [main] o.s.s.concurrent.ThreadPoolTaskExecutor  : Shutting down ExecutorService 'applicationTaskExecutor'
